<?xml version="1.0" encoding="UTF-8"?>
<!-- Generated by org.testng.reporters.JUnitXMLReporter -->
<testsuite hostname="anshul-HP-Pavilion-15-Notebook-PC" ignored="0" name="init" tests="1" failures="0" timestamp="19 Sep 2017 11:10:38 GMT" time="7.468" errors="0">
  <testcase name="@BeforeClass setup" time="7.414" classname="com.PerfectCommerce.TestCases.HomePageTest">
    <failure type="org.openqa.selenium.WebDriverException" message="
Build info: version: &amp;apos;3.5.3&amp;apos;, revision: &amp;apos;a88d25fe6b&amp;apos;, time: &amp;apos;2017-08-29T12:42:44.417Z&amp;apos;
System info: host: &amp;apos;anshul-HP-Pavilion-15-Notebook-PC&amp;apos;, ip: &amp;apos;127.0.1.1&amp;apos;, os.name: &amp;apos;Linux&amp;apos;, os.arch: &amp;apos;amd64&amp;apos;, os.version: &amp;apos;4.4.0-93-generic&amp;apos;, java.version: &amp;apos;1.8.0_131&amp;apos;
Driver info: org.openqa.selenium.firefox.FirefoxDriver
Capabilities [{moz:profile=/tmp/rust_mozprofile.FUZDqspUITMg, rotatable=false, timeouts={implicit=0, pageLoad=300000, script=30000}, pageLoadStrategy=normal, platform=LINUX, specificationLevel=0, moz:accessibilityChecks=false, acceptInsecureCerts=false, browserVersion=55.0.2, platformVersion=4.4.0-93-generic, moz:processID=14206, browserName=firefox, javascriptEnabled=true, platformName=LINUX}]
Session ID: 2f8f2858-71d2-4995-b9d5-f633f4303a52">
      <![CDATA[org.openqa.selenium.WebDriverException: 
Build info: version: '3.5.3', revision: 'a88d25fe6b', time: '2017-08-29T12:42:44.417Z'
System info: host: 'anshul-HP-Pavilion-15-Notebook-PC', ip: '127.0.1.1', os.name: 'Linux', os.arch: 'amd64', os.version: '4.4.0-93-generic', java.version: '1.8.0_131'
Driver info: org.openqa.selenium.firefox.FirefoxDriver
Capabilities [{moz:profile=/tmp/rust_mozprofile.FUZDqspUITMg, rotatable=false, timeouts={implicit=0, pageLoad=300000, script=30000}, pageLoadStrategy=normal, platform=LINUX, specificationLevel=0, moz:accessibilityChecks=false, acceptInsecureCerts=false, browserVersion=55.0.2, platformVersion=4.4.0-93-generic, moz:processID=14206, browserName=firefox, javascriptEnabled=true, platformName=LINUX}]
Session ID: 2f8f2858-71d2-4995-b9d5-f633f4303a52
	at org.openqa.selenium.remote.http.W3CHttpResponseCodec.createException(W3CHttpResponseCodec.java:185)
	at org.openqa.selenium.remote.http.W3CHttpResponseCodec.decode(W3CHttpResponseCodec.java:120)
	at org.openqa.selenium.remote.http.W3CHttpResponseCodec.decode(W3CHttpResponseCodec.java:49)
	at org.openqa.selenium.remote.HttpCommandExecutor.execute(HttpCommandExecutor.java:164)
	at org.openqa.selenium.remote.service.DriverCommandExecutor.execute(DriverCommandExecutor.java:82)
	at org.openqa.selenium.remote.RemoteWebDriver.execute(RemoteWebDriver.java:646)
	at org.openqa.selenium.remote.RemoteWebDriver.get(RemoteWebDriver.java:370)
	at com.PerfectCommerce.utils.BrowserUtils.init(BrowserUtils.java:25)
	at com.PerfectCommerce.TestCases.HomePageTest.setup(HomePageTest.java:22)
... Removed 29 stack frames]]>
    </failure>
  </testcase> <!-- @BeforeClass setup -->
  <testcase name="openHomepage" time="0.0" classname="com.PerfectCommerce.TestCases.HomePageTest">
    <skipped/>
  </testcase> <!-- openHomepage -->
</testsuite> <!-- init -->
