<?xml version="1.0" encoding="UTF-8"?>
<!-- Generated by org.testng.reporters.JUnitXMLReporter -->
<testsuite hostname="anshul-HP-Pavilion-15-Notebook-PC" ignored="0" name="Command line test" tests="2" failures="0" timestamp="19 Sep 2017 10:38:39 GMT" time="0.03" errors="0">
  <testcase name="@BeforeClass setup" time="0.0" classname="com.PerfectCommerce.TestCases.HomePageTest">
    <failure type="org.testng.TestNGException" message="
Parameter &amp;apos;browser&amp;apos; is required by BeforeClass on method setup but has not been marked @Optional or defined
">
      <![CDATA[org.testng.TestNGException: 
Parameter 'browser' is required by BeforeClass on method setup but has not been marked @Optional or defined

... Removed 32 stack frames]]>
    </failure>
  </testcase> <!-- @BeforeClass setup -->
  <testcase name="testApp" time="0.006" classname="com.PerfectCommerce.TestCases.AppTest"/>
  <testcase name="openHomepage" time="0.0" classname="com.PerfectCommerce.TestCases.HomePageTest">
    <skipped/>
  </testcase> <!-- openHomepage -->
</testsuite> <!-- Command line test -->
